{"level":"error","message":"Mensaje: pene \ntrace"}
{"level":"warn","message":"Mensaje: pene \ntrace"}
{"level":"error","message":"Mensaje: pene \n Trace:trace"}
{"level":"warn","message":"Mensaje: pene \n Trace:trace"}
{"level":"error","message":"Mensaje: pene \n Trace:trace"}
{"level":"warn","message":"Mensaje: pene \n Trace:trace"}
{"level":"error","message":"Mensaje: pene \n Trace:trace"}
{"level":"warn","message":"Mensaje: pene \n Trace:trace"}
{"level":"error","message":"Mensaje: pene \n Trace:trace"}
{"level":"warn","message":"Mensaje: pene \n Trace:trace"}
{"level":"error","message":"Mensaje: pene \n Trace:trace"}
{"level":"warn","message":"Mensaje: pene \n Trace:trace"}
{"level":"error","message":"Mensaje: pene \n Trace:trace"}
{"level":"warn","message":"Mensaje: pene \n Trace:trace"}
{"level":"error","message":"Mensaje: pene \n Trace:trace"}
{"level":"warn","message":"Mensaje: pene \n Trace:trace"}
{"level":"error","message":"Mensaje: pene \n Trace:trace"}
{"level":"warn","message":"Mensaje: pene \n Trace:trace"}
{"level":"error","message":"Mensaje: pene \n Trace:trace"}
{"level":"warn","message":"Mensaje: pene \n Trace:trace"}
{"level":"error","message":"Mensaje: pene \n Trace:trace"}
{"level":"warn","message":"Mensaje: pene \n Trace:trace"}
{"level":"error","message":"Mensaje: pene \n Trace:trace"}
{"level":"warn","message":"Mensaje: pene \n Trace:trace"}
{"level":"error","message":"Mensaje: pene \n Trace:trace"}
{"level":"warn","message":"Mensaje: pene \n Trace:trace"}
{"level":"error","message":"Mensaje: pene \n Trace:trace"}
{"level":"warn","message":"Mensaje: pene \n Trace:trace"}
{"level":"error","message":"Mensaje: pene \n Trace:trace"}
{"level":"warn","message":"Mensaje: pene \n Trace:trace"}
{"level":"error","message":"Mensaje: pene \n Trace:trace"}
{"level":"warn","message":"Mensaje: pene \n Trace:trace"}
{"level":"error","message":"Mensaje: pene \n Trace:trace"}
{"level":"warn","message":"Mensaje: pene \n Trace:trace"}
{"level":"error","message":"Mensaje: pene \n Trace:trace"}
{"level":"warn","message":"Mensaje: pene \n Trace:trace"}
{"level":"error","message":"Mensaje: pene \n Trace:trace"}
{"level":"warn","message":"Mensaje: pene \n Trace:trace"}
{"level":"error","message":"Mensaje: pene \n Trace:trace"}
{"level":"warn","message":"Mensaje: pene \n Trace:trace"}
{"level":"error","message":"Mensaje: pene \n Trace:trace"}
{"level":"warn","message":"Mensaje: pene \n Trace:trace"}
{"level":"error","message":"Mensaje: pene \n Trace:trace"}
{"level":"warn","message":"Mensaje: pene \n Trace:trace"}
{"level":"error","message":"Mensaje: pene \n Trace:trace"}
{"level":"warn","message":"Mensaje: pene \n Trace:trace"}
{"level":"error","message":"Mensaje: pene \n Trace:trace"}
{"level":"warn","message":"Mensaje: pene \n Trace:trace"}
{"level":"error","message":"Mensaje: pene \n Trace:trace"}
{"level":"warn","message":"Mensaje: pene \n Trace:trace"}
{"level":"error","message":"Mensaje: pene \n Trace:trace"}
{"level":"warn","message":"Mensaje: pene \n Trace:trace"}
{"level":"error","message":"Mensaje: pene \n Trace:trace"}
{"level":"warn","message":"Mensaje: pene \n Trace:trace"}
{"level":"error","message":"Mensaje: pene \n Trace:trace"}
{"level":"warn","message":"Mensaje: pene \n Trace:trace"}
{"level":"error","message":"Mensaje: pene \n Trace:trace"}
{"level":"warn","message":"Mensaje: pene \n Trace:trace"}
{"level":"error","message":"Mensaje: error \n Trace:trace"}
{"level":"warn","message":"Mensaje: warn \n Trace:trace"}
